[debug] [2023-12-30T17:27:21.020Z] ----------------------------------------------------------------------
[debug] [2023-12-30T17:27:21.021Z] Command:       /Users/Lily/.nvm/versions/node/v16.13.0/bin/node /Users/Lily/.nvm/versions/node/v16.13.0/bin/firebase deploy --only functions
[debug] [2023-12-30T17:27:21.021Z] CLI Version:   11.30.0
[debug] [2023-12-30T17:27:21.021Z] Platform:      darwin
[debug] [2023-12-30T17:27:21.022Z] Node Version:  v16.13.0
[debug] [2023-12-30T17:27:21.027Z] Time:          Sat Dec 30 2023 18:27:21 GMT+0100 (Central European Standard Time)
[debug] [2023-12-30T17:27:21.027Z] ----------------------------------------------------------------------
[debug] 
[debug] [2023-12-30T17:27:21.079Z] > command requires scopes: ["email","openid","https://www.googleapis.com/auth/cloudplatformprojects.readonly","https://www.googleapis.com/auth/firebase","https://www.googleapis.com/auth/cloud-platform"]
[debug] [2023-12-30T17:27:21.080Z] > authorizing via signed-in user (lisa.lou.kara@gmail.com)
[debug] [2023-12-30T17:27:21.080Z] [iam] checking project portfolio-ba4e2 for permissions ["cloudfunctions.functions.create","cloudfunctions.functions.delete","cloudfunctions.functions.get","cloudfunctions.functions.list","cloudfunctions.functions.update","cloudfunctions.operations.get","firebase.projects.get"]
[debug] [2023-12-30T17:27:21.081Z] >>> [apiv2][query] POST https://cloudresourcemanager.googleapis.com/v1/projects/portfolio-ba4e2:testIamPermissions [none]
[debug] [2023-12-30T17:27:21.081Z] >>> [apiv2][(partial)header] POST https://cloudresourcemanager.googleapis.com/v1/projects/portfolio-ba4e2:testIamPermissions x-goog-quota-user=projects/portfolio-ba4e2
[debug] [2023-12-30T17:27:21.082Z] >>> [apiv2][body] POST https://cloudresourcemanager.googleapis.com/v1/projects/portfolio-ba4e2:testIamPermissions {"permissions":["cloudfunctions.functions.create","cloudfunctions.functions.delete","cloudfunctions.functions.get","cloudfunctions.functions.list","cloudfunctions.functions.update","cloudfunctions.operations.get","firebase.projects.get"]}
[debug] [2023-12-30T17:27:21.758Z] <<< [apiv2][status] POST https://cloudresourcemanager.googleapis.com/v1/projects/portfolio-ba4e2:testIamPermissions 200
[debug] [2023-12-30T17:27:21.759Z] <<< [apiv2][body] POST https://cloudresourcemanager.googleapis.com/v1/projects/portfolio-ba4e2:testIamPermissions {"permissions":["cloudfunctions.functions.create","cloudfunctions.functions.delete","cloudfunctions.functions.get","cloudfunctions.functions.list","cloudfunctions.functions.update","cloudfunctions.operations.get","firebase.projects.get"]}
[debug] [2023-12-30T17:27:21.759Z] >>> [apiv2][query] POST https://iam.googleapis.com/v1/projects/portfolio-ba4e2/serviceAccounts/portfolio-ba4e2@appspot.gserviceaccount.com:testIamPermissions [none]
[debug] [2023-12-30T17:27:21.759Z] >>> [apiv2][body] POST https://iam.googleapis.com/v1/projects/portfolio-ba4e2/serviceAccounts/portfolio-ba4e2@appspot.gserviceaccount.com:testIamPermissions {"permissions":["iam.serviceAccounts.actAs"]}
[debug] [2023-12-30T17:27:22.403Z] <<< [apiv2][status] POST https://iam.googleapis.com/v1/projects/portfolio-ba4e2/serviceAccounts/portfolio-ba4e2@appspot.gserviceaccount.com:testIamPermissions 200
[debug] [2023-12-30T17:27:22.403Z] <<< [apiv2][body] POST https://iam.googleapis.com/v1/projects/portfolio-ba4e2/serviceAccounts/portfolio-ba4e2@appspot.gserviceaccount.com:testIamPermissions {"permissions":["iam.serviceAccounts.actAs"]}
[info] 
[info] === Deploying to 'portfolio-ba4e2'...
[info] 
[info] i  deploying functions 
[info] Running command: npm --prefix "$RESOURCE_DIR" run build
[info] ✔  functions: Finished running predeploy script. 
[debug] [2023-12-30T17:27:24.689Z] >>> [apiv2][query] GET https://firebase.googleapis.com/v1beta1/projects/portfolio-ba4e2 [none]
[debug] [2023-12-30T17:27:24.946Z] <<< [apiv2][status] GET https://firebase.googleapis.com/v1beta1/projects/portfolio-ba4e2 200
[debug] [2023-12-30T17:27:24.946Z] <<< [apiv2][body] GET https://firebase.googleapis.com/v1beta1/projects/portfolio-ba4e2 {"projectId":"portfolio-ba4e2","projectNumber":"1498377983","displayName":"portfolio","name":"projects/portfolio-ba4e2","resources":{"hostingSite":"portfolio-ba4e2","storageBucket":"portfolio-ba4e2.appspot.com","locationId":"europe-west"},"state":"ACTIVE","etag":"1_d5e48bf7-49fa-4cbc-87a2-0b5d275a2a4b"}
[info] i  functions: preparing codebase default for deployment 
[info] i  functions: ensuring required API cloudfunctions.googleapis.com is enabled... 
[info] i  functions: ensuring required API cloudbuild.googleapis.com is enabled... 
[info] i  artifactregistry: ensuring required API artifactregistry.googleapis.com is enabled... 
[debug] [2023-12-30T17:27:24.948Z] >>> [apiv2][query] GET https://serviceusage.googleapis.com/v1/projects/portfolio-ba4e2/services/cloudfunctions.googleapis.com [none]
[debug] [2023-12-30T17:27:24.949Z] >>> [apiv2][(partial)header] GET https://serviceusage.googleapis.com/v1/projects/portfolio-ba4e2/services/cloudfunctions.googleapis.com x-goog-quota-user=projects/portfolio-ba4e2
[debug] [2023-12-30T17:27:24.950Z] >>> [apiv2][query] GET https://serviceusage.googleapis.com/v1/projects/portfolio-ba4e2/services/runtimeconfig.googleapis.com [none]
[debug] [2023-12-30T17:27:24.950Z] >>> [apiv2][(partial)header] GET https://serviceusage.googleapis.com/v1/projects/portfolio-ba4e2/services/runtimeconfig.googleapis.com x-goog-quota-user=projects/portfolio-ba4e2
[debug] [2023-12-30T17:27:24.951Z] >>> [apiv2][query] GET https://serviceusage.googleapis.com/v1/projects/portfolio-ba4e2/services/cloudbuild.googleapis.com [none]
[debug] [2023-12-30T17:27:24.951Z] >>> [apiv2][(partial)header] GET https://serviceusage.googleapis.com/v1/projects/portfolio-ba4e2/services/cloudbuild.googleapis.com x-goog-quota-user=projects/portfolio-ba4e2
[debug] [2023-12-30T17:27:24.952Z] >>> [apiv2][query] GET https://serviceusage.googleapis.com/v1/projects/portfolio-ba4e2/services/artifactregistry.googleapis.com [none]
[debug] [2023-12-30T17:27:24.952Z] >>> [apiv2][(partial)header] GET https://serviceusage.googleapis.com/v1/projects/portfolio-ba4e2/services/artifactregistry.googleapis.com x-goog-quota-user=projects/portfolio-ba4e2
[debug] [2023-12-30T17:27:25.827Z] <<< [apiv2][status] GET https://serviceusage.googleapis.com/v1/projects/portfolio-ba4e2/services/runtimeconfig.googleapis.com 200
[debug] [2023-12-30T17:27:25.828Z] <<< [apiv2][body] GET https://serviceusage.googleapis.com/v1/projects/portfolio-ba4e2/services/runtimeconfig.googleapis.com [omitted]
[debug] [2023-12-30T17:27:25.831Z] <<< [apiv2][status] GET https://serviceusage.googleapis.com/v1/projects/portfolio-ba4e2/services/artifactregistry.googleapis.com 200
[debug] [2023-12-30T17:27:25.831Z] <<< [apiv2][body] GET https://serviceusage.googleapis.com/v1/projects/portfolio-ba4e2/services/artifactregistry.googleapis.com [omitted]
[info] ✔  artifactregistry: required API artifactregistry.googleapis.com is enabled 
[debug] [2023-12-30T17:27:25.833Z] <<< [apiv2][status] GET https://serviceusage.googleapis.com/v1/projects/portfolio-ba4e2/services/cloudfunctions.googleapis.com 200
[debug] [2023-12-30T17:27:25.833Z] <<< [apiv2][body] GET https://serviceusage.googleapis.com/v1/projects/portfolio-ba4e2/services/cloudfunctions.googleapis.com [omitted]
[info] ✔  functions: required API cloudfunctions.googleapis.com is enabled 
[debug] [2023-12-30T17:27:25.834Z] <<< [apiv2][status] GET https://serviceusage.googleapis.com/v1/projects/portfolio-ba4e2/services/cloudbuild.googleapis.com 200
[debug] [2023-12-30T17:27:25.834Z] <<< [apiv2][body] GET https://serviceusage.googleapis.com/v1/projects/portfolio-ba4e2/services/cloudbuild.googleapis.com [omitted]
[info] ✔  functions: required API cloudbuild.googleapis.com is enabled 
[debug] [2023-12-30T17:27:25.835Z] >>> [apiv2][query] GET https://firebase.googleapis.com/v1beta1/projects/portfolio-ba4e2/adminSdkConfig [none]
[debug] [2023-12-30T17:27:26.053Z] <<< [apiv2][status] GET https://firebase.googleapis.com/v1beta1/projects/portfolio-ba4e2/adminSdkConfig 200
[debug] [2023-12-30T17:27:26.053Z] <<< [apiv2][body] GET https://firebase.googleapis.com/v1beta1/projects/portfolio-ba4e2/adminSdkConfig {"projectId":"portfolio-ba4e2","storageBucket":"portfolio-ba4e2.appspot.com","locationId":"europe-west"}
[debug] [2023-12-30T17:27:26.054Z] >>> [apiv2][query] GET https://runtimeconfig.googleapis.com/v1beta1/projects/portfolio-ba4e2/configs [none]
[debug] [2023-12-30T17:27:26.359Z] <<< [apiv2][status] GET https://runtimeconfig.googleapis.com/v1beta1/projects/portfolio-ba4e2/configs 200
[debug] [2023-12-30T17:27:26.359Z] <<< [apiv2][body] GET https://runtimeconfig.googleapis.com/v1beta1/projects/portfolio-ba4e2/configs {}
[debug] [2023-12-30T17:27:26.361Z] Validating nodejs source
[warn] ⚠  functions: package.json indicates an outdated version of firebase-functions. Please upgrade using npm install --save firebase-functions@latest in your functions directory. 
[debug] [2023-12-30T17:27:27.697Z] > [functions] package.json contents: {
  "name": "functions",
  "scripts": {
    "build": "tsc",
    "build:watch": "tsc --watch",
    "serve": "npm run build && firebase emulators:start --only functions",
    "shell": "npm run build && firebase functions:shell",
    "start": "npm run shell",
    "deploy": "firebase deploy --only functions",
    "logs": "firebase functions:log"
  },
  "engines": {
    "node": "16"
  },
  "main": "lib/index.js",
  "dependencies": {
    "firebase-admin": "^11.5.0",
    "firebase-functions": "^4.2.0",
    "sib-api-v3-typescript": "^2.2.2"
  },
  "devDependencies": {
    "firebase-functions-test": "^3.0.0",
    "typescript": "^4.9.0"
  },
  "private": true
}
[debug] [2023-12-30T17:27:27.697Z] Building nodejs source
[debug] [2023-12-30T17:27:27.698Z] Could not find functions.yaml. Must use http discovery
[debug] [2023-12-30T17:27:27.706Z] Found firebase-functions binary at '/Users/Lily/Code/Projets-perso/portfolio/portfolio/functions/node_modules/.bin/firebase-functions'
[debug] [2023-12-30T17:27:27.893Z] Serving at port 8125

[debug] [2023-12-30T17:27:28.254Z] Got response from /__/functions.yaml {"endpoints":{"sendEmail":{"platform":"gcfv1","labels":{},"availableMemoryMb":null,"timeoutSeconds":null,"minInstances":null,"maxInstances":null,"ingressSettings":null,"serviceAccountEmail":null,"vpc":null,"callableTrigger":{},"entryPoint":"sendEmail"}},"specVersion":"v1alpha1","requiredAPIs":[]}
[debug] [2023-12-30T17:27:28.260Z] shutdown requested via /__/quitquitquit

[info] i  functions: Loaded environment variables from .env. 
[info] i  functions: preparing functions directory for uploading... 
[info] i  functions: packaged /Users/Lily/Code/Projets-perso/portfolio/portfolio/functions (126.23 KB) for uploading 
[debug] [2023-12-30T17:27:28.335Z] >>> [apiv2][query] GET https://cloudfunctions.googleapis.com/v1/projects/portfolio-ba4e2/locations/-/functions [none]
[debug] [2023-12-30T17:27:29.014Z] <<< [apiv2][status] GET https://cloudfunctions.googleapis.com/v1/projects/portfolio-ba4e2/locations/-/functions 200
[debug] [2023-12-30T17:27:29.014Z] <<< [apiv2][body] GET https://cloudfunctions.googleapis.com/v1/projects/portfolio-ba4e2/locations/-/functions {"functions":[{"name":"projects/portfolio-ba4e2/locations/us-central1/functions/sendEmail","httpsTrigger":{"url":"https://us-central1-portfolio-ba4e2.cloudfunctions.net/sendEmail","securityLevel":"SECURE_ALWAYS"},"status":"ACTIVE","entryPoint":"sendEmail","timeout":"60s","availableMemoryMb":256,"serviceAccountEmail":"portfolio-ba4e2@appspot.gserviceaccount.com","updateTime":"2023-10-08T16:04:06.754Z","versionId":"1","labels":{"deployment-tool":"cli-firebase","deployment-callable":"true","firebase-functions-hash":"8c0a208ddef56f855c37959a20f62b071eec5d78"},"sourceUploadUrl":"https://storage.googleapis.com/uploads-737284264618.us-central1.cloudfunctions.appspot.com/2bffb14b-1d29-46ac-a919-eeec95c0247d.zip","environmentVariables":{"BREVO_API_KEY":"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","FIREBASE_CONFIG":"{\"projectId\":\"portfolio-ba4e2\",\"storageBucket\":\"portfolio-ba4e2.appspot.com\",\"locationId\":\"europe-west\"}","GCLOUD_PROJECT":"portfolio-ba4e2","EVENTARC_CLOUD_EVENT_SOURCE":"projects/portfolio-ba4e2/locations/us-central1/functions/sendEmail"},"runtime":"nodejs16","ingressSettings":"ALLOW_ALL","buildId":"ec8cd1d1-330e-4c42-839d-ee219e0db629","buildEnvironmentVariables":{"GOOGLE_NODE_RUN_SCRIPTS":""},"buildName":"projects/1498377983/locations/us-central1/builds/ec8cd1d1-330e-4c42-839d-ee219e0db629","dockerRegistry":"ARTIFACT_REGISTRY"}]}
[debug] [2023-12-30T17:27:29.015Z] >>> [apiv2][query] GET https://cloudfunctions.googleapis.com/v2/projects/portfolio-ba4e2/locations/-/functions filter=environment%3D%22GEN_2%22
[debug] [2023-12-30T17:27:30.129Z] <<< [apiv2][status] GET https://cloudfunctions.googleapis.com/v2/projects/portfolio-ba4e2/locations/-/functions 200
[debug] [2023-12-30T17:27:30.129Z] <<< [apiv2][body] GET https://cloudfunctions.googleapis.com/v2/projects/portfolio-ba4e2/locations/-/functions {}
[debug] [2023-12-30T17:27:30.133Z] >>> [apiv2][query] GET https://firebase.googleapis.com/v1beta1/projects/portfolio-ba4e2 [none]
[debug] [2023-12-30T17:27:30.364Z] <<< [apiv2][status] GET https://firebase.googleapis.com/v1beta1/projects/portfolio-ba4e2 200
[debug] [2023-12-30T17:27:30.364Z] <<< [apiv2][body] GET https://firebase.googleapis.com/v1beta1/projects/portfolio-ba4e2 {"projectId":"portfolio-ba4e2","projectNumber":"1498377983","displayName":"portfolio","name":"projects/portfolio-ba4e2","resources":{"hostingSite":"portfolio-ba4e2","storageBucket":"portfolio-ba4e2.appspot.com","locationId":"europe-west"},"state":"ACTIVE","etag":"1_d5e48bf7-49fa-4cbc-87a2-0b5d275a2a4b"}
[debug] [2023-12-30T17:27:30.365Z] >>> [apiv2][query] POST https://cloudfunctions.googleapis.com/v1/projects/portfolio-ba4e2/locations/us-central1/functions:generateUploadUrl [none]
[debug] [2023-12-30T17:27:30.366Z] >>> [apiv2][body] POST https://cloudfunctions.googleapis.com/v1/projects/portfolio-ba4e2/locations/us-central1/functions:generateUploadUrl {}
[debug] [2023-12-30T17:27:30.978Z] <<< [apiv2][status] POST https://cloudfunctions.googleapis.com/v1/projects/portfolio-ba4e2/locations/us-central1/functions:generateUploadUrl 200
[debug] [2023-12-30T17:27:30.978Z] <<< [apiv2][body] POST https://cloudfunctions.googleapis.com/v1/projects/portfolio-ba4e2/locations/us-central1/functions:generateUploadUrl {"uploadUrl":"https://storage.googleapis.com/uploads-737284264618.us-central1.cloudfunctions.appspot.com/b3fb100a-a28b-4d38-a325-a67f0775c4a7.zip?GoogleAccessId=service-1498377983@gcf-admin-robot.iam.gserviceaccount.com&Expires=1703959050&Signature=IeYdEagqTJvScEeAN2W7r2MFPzRq3TpT2cxTsx5YRD2VcWb51l%2FePm2OFKXNf0fe0JHzZxYhZvaAsyA%2BluTbVcY1TbE0OZaQ1ILxbEnrJ%2FZmqPZlRZU%2F7HUiANWWQQppZYkNCWDBiaxHDgd4CozlL4Rsu4S3gYX7FUqX2JhMB3XcgJa7kJsc3Uf86NUemjJr0RJknlc40GhS%2BlxwSRNJckVIlufXRPMGSWNbIeb9iLPDb5p9XANeSeMk964RJgWyQGYvuFgXC%2FF1CUr6akY2AtIQVJnQQH2KD05Pom%2BfEL2oaj5iMm%2B1AQWaa2dWxLpkH1Z7NRfbeF5%2BRyXf1x3pvw%3D%3D"}
[debug] [2023-12-30T17:27:30.978Z] >>> [apiv2][query] PUT https://storage.googleapis.com/uploads-737284264618.us-central1.cloudfunctions.appspot.com/b3fb100a-a28b-4d38-a325-a67f0775c4a7.zip GoogleAccessId=service-1498377983%40gcf-admin-robot.iam.gserviceaccount.com&Expires=1703959050&Signature=IeYdEagqTJvScEeAN2W7r2MFPzRq3TpT2cxTsx5YRD2VcWb51l%2FePm2OFKXNf0fe0JHzZxYhZvaAsyA%2BluTbVcY1TbE0OZaQ1ILxbEnrJ%2FZmqPZlRZU%2F7HUiANWWQQppZYkNCWDBiaxHDgd4CozlL4Rsu4S3gYX7FUqX2JhMB3XcgJa7kJsc3Uf86NUemjJr0RJknlc40GhS%2BlxwSRNJckVIlufXRPMGSWNbIeb9iLPDb5p9XANeSeMk964RJgWyQGYvuFgXC%2FF1CUr6akY2AtIQVJnQQH2KD05Pom%2BfEL2oaj5iMm%2B1AQWaa2dWxLpkH1Z7NRfbeF5%2BRyXf1x3pvw%3D%3D
[debug] [2023-12-30T17:27:30.978Z] >>> [apiv2][body] PUT https://storage.googleapis.com/uploads-737284264618.us-central1.cloudfunctions.appspot.com/b3fb100a-a28b-4d38-a325-a67f0775c4a7.zip [stream]
[debug] [2023-12-30T17:27:31.714Z] <<< [apiv2][status] PUT https://storage.googleapis.com/uploads-737284264618.us-central1.cloudfunctions.appspot.com/b3fb100a-a28b-4d38-a325-a67f0775c4a7.zip 200
[debug] [2023-12-30T17:27:31.714Z] <<< [apiv2][body] PUT https://storage.googleapis.com/uploads-737284264618.us-central1.cloudfunctions.appspot.com/b3fb100a-a28b-4d38-a325-a67f0775c4a7.zip [omitted]
[info] ✔  functions: functions folder uploaded successfully 
[info] i  functions: updating Node.js 16 function sendEmail(us-central1)... 
[debug] [2023-12-30T17:27:31.717Z] >>> [apiv2][query] PATCH https://cloudfunctions.googleapis.com/v1/projects/portfolio-ba4e2/locations/us-central1/functions/sendEmail updateMask=name%2CsourceUploadUrl%2CentryPoint%2Cruntime%2CdockerRegistry%2Clabels%2ChttpsTrigger.securityLevel%2CminInstances%2CmaxInstances%2CingressSettings%2CenvironmentVariables%2CserviceAccountEmail%2CavailableMemoryMb%2Ctimeout%2CvpcConnector%2CvpcConnectorEgressSettings%2CsourceToken%2CbuildEnvironmentVariables
[debug] [2023-12-30T17:27:31.717Z] >>> [apiv2][body] PATCH https://cloudfunctions.googleapis.com/v1/projects/portfolio-ba4e2/locations/us-central1/functions/sendEmail {"name":"projects/portfolio-ba4e2/locations/us-central1/functions/sendEmail","sourceUploadUrl":"https://storage.googleapis.com/uploads-737284264618.us-central1.cloudfunctions.appspot.com/b3fb100a-a28b-4d38-a325-a67f0775c4a7.zip?GoogleAccessId=service-1498377983@gcf-admin-robot.iam.gserviceaccount.com&Expires=1703959050&Signature=IeYdEagqTJvScEeAN2W7r2MFPzRq3TpT2cxTsx5YRD2VcWb51l%2FePm2OFKXNf0fe0JHzZxYhZvaAsyA%2BluTbVcY1TbE0OZaQ1ILxbEnrJ%2FZmqPZlRZU%2F7HUiANWWQQppZYkNCWDBiaxHDgd4CozlL4Rsu4S3gYX7FUqX2JhMB3XcgJa7kJsc3Uf86NUemjJr0RJknlc40GhS%2BlxwSRNJckVIlufXRPMGSWNbIeb9iLPDb5p9XANeSeMk964RJgWyQGYvuFgXC%2FF1CUr6akY2AtIQVJnQQH2KD05Pom%2BfEL2oaj5iMm%2B1AQWaa2dWxLpkH1Z7NRfbeF5%2BRyXf1x3pvw%3D%3D","entryPoint":"sendEmail","runtime":"nodejs16","dockerRegistry":"ARTIFACT_REGISTRY","labels":{"deployment-tool":"cli-firebase","deployment-callable":"true","firebase-functions-hash":"3e3a936fc48b028abcdf66fcc8d3b0ce160ef153"},"httpsTrigger":{"securityLevel":"SECURE_ALWAYS"},"minInstances":null,"maxInstances":null,"ingressSettings":null,"environmentVariables":{"BREVO_API_KEY":"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","FIREBASE_CONFIG":"{\"projectId\":\"portfolio-ba4e2\",\"storageBucket\":\"portfolio-ba4e2.appspot.com\",\"locationId\":\"europe-west\"}","GCLOUD_PROJECT":"portfolio-ba4e2","EVENTARC_CLOUD_EVENT_SOURCE":"projects/portfolio-ba4e2/locations/us-central1/functions/sendEmail"},"serviceAccountEmail":null,"availableMemoryMb":null,"timeout":null,"vpcConnector":null,"vpcConnectorEgressSettings":null,"buildEnvironmentVariables":{"GOOGLE_NODE_RUN_SCRIPTS":""}}
[debug] [2023-12-30T17:27:32.334Z] <<< [apiv2][status] PATCH https://cloudfunctions.googleapis.com/v1/projects/portfolio-ba4e2/locations/us-central1/functions/sendEmail 200
[debug] [2023-12-30T17:27:32.335Z] <<< [apiv2][body] PATCH https://cloudfunctions.googleapis.com/v1/projects/portfolio-ba4e2/locations/us-central1/functions/sendEmail {"name":"operations/cG9ydGZvbGlvLWJhNGUyL3VzLWNlbnRyYWwxL3NlbmRFbWFpbC9KRm5qUjlnY2dOdw","metadata":{"@type":"type.googleapis.com/google.cloud.functions.v1.OperationMetadataV1","target":"projects/portfolio-ba4e2/locations/us-central1/functions/sendEmail","type":"UPDATE_FUNCTION","request":{"@type":"type.googleapis.com/google.cloud.functions.v1.CloudFunction","name":"projects/portfolio-ba4e2/locations/us-central1/functions/sendEmail","httpsTrigger":{"url":"https://us-central1-portfolio-ba4e2.cloudfunctions.net/sendEmail","securityLevel":"SECURE_ALWAYS"},"status":"ACTIVE","entryPoint":"sendEmail","updateTime":"2023-10-08T16:04:06.754Z","versionId":"1","labels":{"deployment-tool":"cli-firebase","deployment-callable":"true","firebase-functions-hash":"3e3a936fc48b028abcdf66fcc8d3b0ce160ef153"},"sourceUploadUrl":"https://storage.googleapis.com/uploads-737284264618.us-central1.cloudfunctions.appspot.com/b3fb100a-a28b-4d38-a325-a67f0775c4a7.zip?GoogleAccessId=service-1498377983@gcf-admin-robot.iam.gserviceaccount.com&Expires=1703959050&Signature=IeYdEagqTJvScEeAN2W7r2MFPzRq3TpT2cxTsx5YRD2VcWb51l%2FePm2OFKXNf0fe0JHzZxYhZvaAsyA%2BluTbVcY1TbE0OZaQ1ILxbEnrJ%2FZmqPZlRZU%2F7HUiANWWQQppZYkNCWDBiaxHDgd4CozlL4Rsu4S3gYX7FUqX2JhMB3XcgJa7kJsc3Uf86NUemjJr0RJknlc40GhS%2BlxwSRNJckVIlufXRPMGSWNbIeb9iLPDb5p9XANeSeMk964RJgWyQGYvuFgXC%2FF1CUr6akY2AtIQVJnQQH2KD05Pom%2BfEL2oaj5iMm%2B1AQWaa2dWxLpkH1Z7NRfbeF5%2BRyXf1x3pvw%3D%3D","environmentVariables":{"BREVO_API_KEY":"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","FIREBASE_CONFIG":"{\"projectId\":\"portfolio-ba4e2\",\"storageBucket\":\"portfolio-ba4e2.appspot.com\",\"locationId\":\"europe-west\"}","GCLOUD_PROJECT":"portfolio-ba4e2","EVENTARC_CLOUD_EVENT_SOURCE":"projects/portfolio-ba4e2/locations/us-central1/functions/sendEmail"},"runtime":"nodejs16","buildId":"ec8cd1d1-330e-4c42-839d-ee219e0db629","buildEnvironmentVariables":{"GOOGLE_NODE_RUN_SCRIPTS":""},"buildName":"projects/1498377983/locations/us-central1/builds/ec8cd1d1-330e-4c42-839d-ee219e0db629","dockerRegistry":"ARTIFACT_REGISTRY"},"versionId":"2","updateTime":"2023-12-30T17:27:32Z"}}
[debug] [2023-12-30T17:27:32.337Z] >>> [apiv2][query] GET https://cloudfunctions.googleapis.com/v1/operations/cG9ydGZvbGlvLWJhNGUyL3VzLWNlbnRyYWwxL3NlbmRFbWFpbC9KRm5qUjlnY2dOdw [none]
[debug] [2023-12-30T17:27:32.571Z] <<< [apiv2][status] GET https://cloudfunctions.googleapis.com/v1/operations/cG9ydGZvbGlvLWJhNGUyL3VzLWNlbnRyYWwxL3NlbmRFbWFpbC9KRm5qUjlnY2dOdw 200
[debug] [2023-12-30T17:27:32.572Z] <<< [apiv2][body] GET https://cloudfunctions.googleapis.com/v1/operations/cG9ydGZvbGlvLWJhNGUyL3VzLWNlbnRyYWwxL3NlbmRFbWFpbC9KRm5qUjlnY2dOdw {"name":"operations/cG9ydGZvbGlvLWJhNGUyL3VzLWNlbnRyYWwxL3NlbmRFbWFpbC9KRm5qUjlnY2dOdw","metadata":{"@type":"type.googleapis.com/google.cloud.functions.v1.OperationMetadataV1","target":"projects/portfolio-ba4e2/locations/us-central1/functions/sendEmail","type":"UPDATE_FUNCTION","request":{"@type":"type.googleapis.com/google.cloud.functions.v1.CloudFunction","name":"projects/portfolio-ba4e2/locations/us-central1/functions/sendEmail","httpsTrigger":{"url":"https://us-central1-portfolio-ba4e2.cloudfunctions.net/sendEmail","securityLevel":"SECURE_ALWAYS"},"status":"ACTIVE","entryPoint":"sendEmail","updateTime":"2023-10-08T16:04:06.754Z","versionId":"1","labels":{"deployment-tool":"cli-firebase","deployment-callable":"true","firebase-functions-hash":"3e3a936fc48b028abcdf66fcc8d3b0ce160ef153"},"sourceUploadUrl":"https://storage.googleapis.com/uploads-737284264618.us-central1.cloudfunctions.appspot.com/b3fb100a-a28b-4d38-a325-a67f0775c4a7.zip?GoogleAccessId=service-1498377983@gcf-admin-robot.iam.gserviceaccount.com&Expires=1703959050&Signature=IeYdEagqTJvScEeAN2W7r2MFPzRq3TpT2cxTsx5YRD2VcWb51l%2FePm2OFKXNf0fe0JHzZxYhZvaAsyA%2BluTbVcY1TbE0OZaQ1ILxbEnrJ%2FZmqPZlRZU%2F7HUiANWWQQppZYkNCWDBiaxHDgd4CozlL4Rsu4S3gYX7FUqX2JhMB3XcgJa7kJsc3Uf86NUemjJr0RJknlc40GhS%2BlxwSRNJckVIlufXRPMGSWNbIeb9iLPDb5p9XANeSeMk964RJgWyQGYvuFgXC%2FF1CUr6akY2AtIQVJnQQH2KD05Pom%2BfEL2oaj5iMm%2B1AQWaa2dWxLpkH1Z7NRfbeF5%2BRyXf1x3pvw%3D%3D","environmentVariables":{"BREVO_API_KEY":"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","FIREBASE_CONFIG":"{\"projectId\":\"portfolio-ba4e2\",\"storageBucket\":\"portfolio-ba4e2.appspot.com\",\"locationId\":\"europe-west\"}","GCLOUD_PROJECT":"portfolio-ba4e2","EVENTARC_CLOUD_EVENT_SOURCE":"projects/portfolio-ba4e2/locations/us-central1/functions/sendEmail"},"runtime":"nodejs16","buildId":"ec8cd1d1-330e-4c42-839d-ee219e0db629","buildEnvironmentVariables":{"GOOGLE_NODE_RUN_SCRIPTS":""},"buildName":"projects/1498377983/locations/us-central1/builds/ec8cd1d1-330e-4c42-839d-ee219e0db629","dockerRegistry":"ARTIFACT_REGISTRY"},"versionId":"2","updateTime":"2023-12-30T17:27:32Z"}}
[debug] [2023-12-30T17:27:33.075Z] [update-default-us-central1-sendEmail] Retrying task index 0
[debug] [2023-12-30T17:27:33.076Z] >>> [apiv2][query] GET https://cloudfunctions.googleapis.com/v1/operations/cG9ydGZvbGlvLWJhNGUyL3VzLWNlbnRyYWwxL3NlbmRFbWFpbC9KRm5qUjlnY2dOdw [none]
[debug] [2023-12-30T17:27:33.325Z] <<< [apiv2][status] GET https://cloudfunctions.googleapis.com/v1/operations/cG9ydGZvbGlvLWJhNGUyL3VzLWNlbnRyYWwxL3NlbmRFbWFpbC9KRm5qUjlnY2dOdw 200
[debug] [2023-12-30T17:27:33.326Z] <<< [apiv2][body] GET https://cloudfunctions.googleapis.com/v1/operations/cG9ydGZvbGlvLWJhNGUyL3VzLWNlbnRyYWwxL3NlbmRFbWFpbC9KRm5qUjlnY2dOdw {"name":"operations/cG9ydGZvbGlvLWJhNGUyL3VzLWNlbnRyYWwxL3NlbmRFbWFpbC9KRm5qUjlnY2dOdw","metadata":{"@type":"type.googleapis.com/google.cloud.functions.v1.OperationMetadataV1","target":"projects/portfolio-ba4e2/locations/us-central1/functions/sendEmail","type":"UPDATE_FUNCTION","request":{"@type":"type.googleapis.com/google.cloud.functions.v1.CloudFunction","name":"projects/portfolio-ba4e2/locations/us-central1/functions/sendEmail","httpsTrigger":{"url":"https://us-central1-portfolio-ba4e2.cloudfunctions.net/sendEmail","securityLevel":"SECURE_ALWAYS"},"status":"ACTIVE","entryPoint":"sendEmail","updateTime":"2023-10-08T16:04:06.754Z","versionId":"1","labels":{"deployment-tool":"cli-firebase","deployment-callable":"true","firebase-functions-hash":"3e3a936fc48b028abcdf66fcc8d3b0ce160ef153"},"sourceUploadUrl":"https://storage.googleapis.com/uploads-737284264618.us-central1.cloudfunctions.appspot.com/b3fb100a-a28b-4d38-a325-a67f0775c4a7.zip?GoogleAccessId=service-1498377983@gcf-admin-robot.iam.gserviceaccount.com&Expires=1703959050&Signature=IeYdEagqTJvScEeAN2W7r2MFPzRq3TpT2cxTsx5YRD2VcWb51l%2FePm2OFKXNf0fe0JHzZxYhZvaAsyA%2BluTbVcY1TbE0OZaQ1ILxbEnrJ%2FZmqPZlRZU%2F7HUiANWWQQppZYkNCWDBiaxHDgd4CozlL4Rsu4S3gYX7FUqX2JhMB3XcgJa7kJsc3Uf86NUemjJr0RJknlc40GhS%2BlxwSRNJckVIlufXRPMGSWNbIeb9iLPDb5p9XANeSeMk964RJgWyQGYvuFgXC%2FF1CUr6akY2AtIQVJnQQH2KD05Pom%2BfEL2oaj5iMm%2B1AQWaa2dWxLpkH1Z7NRfbeF5%2BRyXf1x3pvw%3D%3D","environmentVariables":{"BREVO_API_KEY":"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","FIREBASE_CONFIG":"{\"projectId\":\"portfolio-ba4e2\",\"storageBucket\":\"portfolio-ba4e2.appspot.com\",\"locationId\":\"europe-west\"}","GCLOUD_PROJECT":"portfolio-ba4e2","EVENTARC_CLOUD_EVENT_SOURCE":"projects/portfolio-ba4e2/locations/us-central1/functions/sendEmail"},"runtime":"nodejs16","buildId":"ec8cd1d1-330e-4c42-839d-ee219e0db629","buildEnvironmentVariables":{"GOOGLE_NODE_RUN_SCRIPTS":""},"buildName":"projects/1498377983/locations/us-central1/builds/ec8cd1d1-330e-4c42-839d-ee219e0db629","dockerRegistry":"ARTIFACT_REGISTRY"},"versionId":"2","updateTime":"2023-12-30T17:27:32Z","buildId":"70642b00-539a-40a0-8b23-b811edc25a63","buildName":"projects/1498377983/locations/us-central1/builds/70642b00-539a-40a0-8b23-b811edc25a63"}}
[debug] [2023-12-30T17:27:34.328Z] [update-default-us-central1-sendEmail] Retrying task index 0
[debug] [2023-12-30T17:27:34.329Z] >>> [apiv2][query] GET https://cloudfunctions.googleapis.com/v1/operations/cG9ydGZvbGlvLWJhNGUyL3VzLWNlbnRyYWwxL3NlbmRFbWFpbC9KRm5qUjlnY2dOdw [none]
[debug] [2023-12-30T17:27:34.564Z] <<< [apiv2][status] GET https://cloudfunctions.googleapis.com/v1/operations/cG9ydGZvbGlvLWJhNGUyL3VzLWNlbnRyYWwxL3NlbmRFbWFpbC9KRm5qUjlnY2dOdw 200
[debug] [2023-12-30T17:27:34.564Z] <<< [apiv2][body] GET https://cloudfunctions.googleapis.com/v1/operations/cG9ydGZvbGlvLWJhNGUyL3VzLWNlbnRyYWwxL3NlbmRFbWFpbC9KRm5qUjlnY2dOdw {"name":"operations/cG9ydGZvbGlvLWJhNGUyL3VzLWNlbnRyYWwxL3NlbmRFbWFpbC9KRm5qUjlnY2dOdw","metadata":{"@type":"type.googleapis.com/google.cloud.functions.v1.OperationMetadataV1","target":"projects/portfolio-ba4e2/locations/us-central1/functions/sendEmail","type":"UPDATE_FUNCTION","request":{"@type":"type.googleapis.com/google.cloud.functions.v1.CloudFunction","name":"projects/portfolio-ba4e2/locations/us-central1/functions/sendEmail","httpsTrigger":{"url":"https://us-central1-portfolio-ba4e2.cloudfunctions.net/sendEmail","securityLevel":"SECURE_ALWAYS"},"status":"ACTIVE","entryPoint":"sendEmail","updateTime":"2023-10-08T16:04:06.754Z","versionId":"1","labels":{"deployment-tool":"cli-firebase","deployment-callable":"true","firebase-functions-hash":"3e3a936fc48b028abcdf66fcc8d3b0ce160ef153"},"sourceUploadUrl":"https://storage.googleapis.com/uploads-737284264618.us-central1.cloudfunctions.appspot.com/b3fb100a-a28b-4d38-a325-a67f0775c4a7.zip?GoogleAccessId=service-1498377983@gcf-admin-robot.iam.gserviceaccount.com&Expires=1703959050&Signature=IeYdEagqTJvScEeAN2W7r2MFPzRq3TpT2cxTsx5YRD2VcWb51l%2FePm2OFKXNf0fe0JHzZxYhZvaAsyA%2BluTbVcY1TbE0OZaQ1ILxbEnrJ%2FZmqPZlRZU%2F7HUiANWWQQppZYkNCWDBiaxHDgd4CozlL4Rsu4S3gYX7FUqX2JhMB3XcgJa7kJsc3Uf86NUemjJr0RJknlc40GhS%2BlxwSRNJckVIlufXRPMGSWNbIeb9iLPDb5p9XANeSeMk964RJgWyQGYvuFgXC%2FF1CUr6akY2AtIQVJnQQH2KD05Pom%2BfEL2oaj5iMm%2B1AQWaa2dWxLpkH1Z7NRfbeF5%2BRyXf1x3pvw%3D%3D","environmentVariables":{"BREVO_API_KEY":"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","FIREBASE_CONFIG":"{\"projectId\":\"portfolio-ba4e2\",\"storageBucket\":\"portfolio-ba4e2.appspot.com\",\"locationId\":\"europe-west\"}","GCLOUD_PROJECT":"portfolio-ba4e2","EVENTARC_CLOUD_EVENT_SOURCE":"projects/portfolio-ba4e2/locations/us-central1/functions/sendEmail"},"runtime":"nodejs16","buildId":"ec8cd1d1-330e-4c42-839d-ee219e0db629","buildEnvironmentVariables":{"GOOGLE_NODE_RUN_SCRIPTS":""},"buildName":"projects/1498377983/locations/us-central1/builds/ec8cd1d1-330e-4c42-839d-ee219e0db629","dockerRegistry":"ARTIFACT_REGISTRY"},"versionId":"2","updateTime":"2023-12-30T17:27:32Z","buildId":"70642b00-539a-40a0-8b23-b811edc25a63","buildName":"projects/1498377983/locations/us-central1/builds/70642b00-539a-40a0-8b23-b811edc25a63"}}
[debug] [2023-12-30T17:27:36.567Z] [update-default-us-central1-sendEmail] Retrying task index 0
[debug] [2023-12-30T17:27:36.567Z] >>> [apiv2][query] GET https://cloudfunctions.googleapis.com/v1/operations/cG9ydGZvbGlvLWJhNGUyL3VzLWNlbnRyYWwxL3NlbmRFbWFpbC9KRm5qUjlnY2dOdw [none]
[debug] [2023-12-30T17:27:36.813Z] <<< [apiv2][status] GET https://cloudfunctions.googleapis.com/v1/operations/cG9ydGZvbGlvLWJhNGUyL3VzLWNlbnRyYWwxL3NlbmRFbWFpbC9KRm5qUjlnY2dOdw 200
[debug] [2023-12-30T17:27:36.814Z] <<< [apiv2][body] GET https://cloudfunctions.googleapis.com/v1/operations/cG9ydGZvbGlvLWJhNGUyL3VzLWNlbnRyYWwxL3NlbmRFbWFpbC9KRm5qUjlnY2dOdw {"name":"operations/cG9ydGZvbGlvLWJhNGUyL3VzLWNlbnRyYWwxL3NlbmRFbWFpbC9KRm5qUjlnY2dOdw","metadata":{"@type":"type.googleapis.com/google.cloud.functions.v1.OperationMetadataV1","target":"projects/portfolio-ba4e2/locations/us-central1/functions/sendEmail","type":"UPDATE_FUNCTION","request":{"@type":"type.googleapis.com/google.cloud.functions.v1.CloudFunction","name":"projects/portfolio-ba4e2/locations/us-central1/functions/sendEmail","httpsTrigger":{"url":"https://us-central1-portfolio-ba4e2.cloudfunctions.net/sendEmail","securityLevel":"SECURE_ALWAYS"},"status":"ACTIVE","entryPoint":"sendEmail","updateTime":"2023-10-08T16:04:06.754Z","versionId":"1","labels":{"deployment-tool":"cli-firebase","deployment-callable":"true","firebase-functions-hash":"3e3a936fc48b028abcdf66fcc8d3b0ce160ef153"},"sourceUploadUrl":"https://storage.googleapis.com/uploads-737284264618.us-central1.cloudfunctions.appspot.com/b3fb100a-a28b-4d38-a325-a67f0775c4a7.zip?GoogleAccessId=service-1498377983@gcf-admin-robot.iam.gserviceaccount.com&Expires=1703959050&Signature=IeYdEagqTJvScEeAN2W7r2MFPzRq3TpT2cxTsx5YRD2VcWb51l%2FePm2OFKXNf0fe0JHzZxYhZvaAsyA%2BluTbVcY1TbE0OZaQ1ILxbEnrJ%2FZmqPZlRZU%2F7HUiANWWQQppZYkNCWDBiaxHDgd4CozlL4Rsu4S3gYX7FUqX2JhMB3XcgJa7kJsc3Uf86NUemjJr0RJknlc40GhS%2BlxwSRNJckVIlufXRPMGSWNbIeb9iLPDb5p9XANeSeMk964RJgWyQGYvuFgXC%2FF1CUr6akY2AtIQVJnQQH2KD05Pom%2BfEL2oaj5iMm%2B1AQWaa2dWxLpkH1Z7NRfbeF5%2BRyXf1x3pvw%3D%3D","environmentVariables":{"BREVO_API_KEY":"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","FIREBASE_CONFIG":"{\"projectId\":\"portfolio-ba4e2\",\"storageBucket\":\"portfolio-ba4e2.appspot.com\",\"locationId\":\"europe-west\"}","GCLOUD_PROJECT":"portfolio-ba4e2","EVENTARC_CLOUD_EVENT_SOURCE":"projects/portfolio-ba4e2/locations/us-central1/functions/sendEmail"},"runtime":"nodejs16","buildId":"ec8cd1d1-330e-4c42-839d-ee219e0db629","buildEnvironmentVariables":{"GOOGLE_NODE_RUN_SCRIPTS":""},"buildName":"projects/1498377983/locations/us-central1/builds/ec8cd1d1-330e-4c42-839d-ee219e0db629","dockerRegistry":"ARTIFACT_REGISTRY"},"versionId":"2","updateTime":"2023-12-30T17:27:32Z","buildId":"70642b00-539a-40a0-8b23-b811edc25a63","buildName":"projects/1498377983/locations/us-central1/builds/70642b00-539a-40a0-8b23-b811edc25a63"}}
[debug] [2023-12-30T17:27:40.815Z] [update-default-us-central1-sendEmail] Retrying task index 0
[debug] [2023-12-30T17:27:40.816Z] >>> [apiv2][query] GET https://cloudfunctions.googleapis.com/v1/operations/cG9ydGZvbGlvLWJhNGUyL3VzLWNlbnRyYWwxL3NlbmRFbWFpbC9KRm5qUjlnY2dOdw [none]
[debug] [2023-12-30T17:27:41.042Z] <<< [apiv2][status] GET https://cloudfunctions.googleapis.com/v1/operations/cG9ydGZvbGlvLWJhNGUyL3VzLWNlbnRyYWwxL3NlbmRFbWFpbC9KRm5qUjlnY2dOdw 200
[debug] [2023-12-30T17:27:41.043Z] <<< [apiv2][body] GET https://cloudfunctions.googleapis.com/v1/operations/cG9ydGZvbGlvLWJhNGUyL3VzLWNlbnRyYWwxL3NlbmRFbWFpbC9KRm5qUjlnY2dOdw {"name":"operations/cG9ydGZvbGlvLWJhNGUyL3VzLWNlbnRyYWwxL3NlbmRFbWFpbC9KRm5qUjlnY2dOdw","metadata":{"@type":"type.googleapis.com/google.cloud.functions.v1.OperationMetadataV1","target":"projects/portfolio-ba4e2/locations/us-central1/functions/sendEmail","type":"UPDATE_FUNCTION","request":{"@type":"type.googleapis.com/google.cloud.functions.v1.CloudFunction","name":"projects/portfolio-ba4e2/locations/us-central1/functions/sendEmail","httpsTrigger":{"url":"https://us-central1-portfolio-ba4e2.cloudfunctions.net/sendEmail","securityLevel":"SECURE_ALWAYS"},"status":"ACTIVE","entryPoint":"sendEmail","updateTime":"2023-10-08T16:04:06.754Z","versionId":"1","labels":{"deployment-tool":"cli-firebase","deployment-callable":"true","firebase-functions-hash":"3e3a936fc48b028abcdf66fcc8d3b0ce160ef153"},"sourceUploadUrl":"https://storage.googleapis.com/uploads-737284264618.us-central1.cloudfunctions.appspot.com/b3fb100a-a28b-4d38-a325-a67f0775c4a7.zip?GoogleAccessId=service-1498377983@gcf-admin-robot.iam.gserviceaccount.com&Expires=1703959050&Signature=IeYdEagqTJvScEeAN2W7r2MFPzRq3TpT2cxTsx5YRD2VcWb51l%2FePm2OFKXNf0fe0JHzZxYhZvaAsyA%2BluTbVcY1TbE0OZaQ1ILxbEnrJ%2FZmqPZlRZU%2F7HUiANWWQQppZYkNCWDBiaxHDgd4CozlL4Rsu4S3gYX7FUqX2JhMB3XcgJa7kJsc3Uf86NUemjJr0RJknlc40GhS%2BlxwSRNJckVIlufXRPMGSWNbIeb9iLPDb5p9XANeSeMk964RJgWyQGYvuFgXC%2FF1CUr6akY2AtIQVJnQQH2KD05Pom%2BfEL2oaj5iMm%2B1AQWaa2dWxLpkH1Z7NRfbeF5%2BRyXf1x3pvw%3D%3D","environmentVariables":{"BREVO_API_KEY":"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","FIREBASE_CONFIG":"{\"projectId\":\"portfolio-ba4e2\",\"storageBucket\":\"portfolio-ba4e2.appspot.com\",\"locationId\":\"europe-west\"}","GCLOUD_PROJECT":"portfolio-ba4e2","EVENTARC_CLOUD_EVENT_SOURCE":"projects/portfolio-ba4e2/locations/us-central1/functions/sendEmail"},"runtime":"nodejs16","buildId":"ec8cd1d1-330e-4c42-839d-ee219e0db629","buildEnvironmentVariables":{"GOOGLE_NODE_RUN_SCRIPTS":""},"buildName":"projects/1498377983/locations/us-central1/builds/ec8cd1d1-330e-4c42-839d-ee219e0db629","dockerRegistry":"ARTIFACT_REGISTRY"},"versionId":"2","updateTime":"2023-12-30T17:27:32Z","buildId":"70642b00-539a-40a0-8b23-b811edc25a63","buildName":"projects/1498377983/locations/us-central1/builds/70642b00-539a-40a0-8b23-b811edc25a63"}}
